[ 2023-03-28 23:06:53,144 ] 23 root - INFO - Entered the data ingestion method or component
[ 2023-03-28 23:06:53,367 ] 26 root - INFO - Read the dataset as dataframe
[ 2023-03-28 23:06:53,425 ] 32 root - INFO - Train Test split initiated
[ 2023-03-28 23:06:53,525 ] 38 root - INFO - Ingestion of the data is completed
[ 2023-03-28 23:06:53,742 ] 73 root - INFO - Train and test data read completed
[ 2023-03-28 23:06:53,743 ] 74 root - INFO - Obtaining preprocessing object
[ 2023-03-28 23:06:53,743 ] 55 root - INFO - Numerical columns encoding is completed
[ 2023-03-28 23:06:53,743 ] 56 root - INFO - Numerical columns: ['reading_score', 'writing_score']
[ 2023-03-28 23:06:53,743 ] 58 root - INFO - Categorical columns encoding is completed
[ 2023-03-28 23:06:53,743 ] 59 root - INFO - Categorical columns: ['gender', 'race_ethnicity', 'parental_level_of_education', 'lunch', 'test_preparation_course']
[ 2023-03-28 23:06:53,755 ] 87 root - INFO - Appying preprocessing object on training and testing dataframe
[ 2023-03-28 23:06:53,890 ] 95 root - INFO - Saved preprocessing object..
[ 2023-03-28 23:06:53,910 ] 32 root - INFO - Split training and testing data
[ 2023-03-28 23:06:53,910 ] 36 root - INFO - Training and testing data has been split
[ 2023-03-28 23:07:38,224 ] 37 root - INFO - Best parameters for RandomForestRegressor() is {'max_depth': 8, 'min_samples_leaf': 4, 'n_estimators': 60}
[ 2023-03-28 23:07:38,446 ] 91 root - INFO - Model report {'Random Forest': 0.8550541085113182}
[ 2023-03-28 23:07:38,446 ] 95 root - INFO - Best model score is 0.8550541085113182
[ 2023-03-28 23:07:38,446 ] 99 root - INFO - Best model name is Random Forest
[ 2023-03-28 23:07:38,446 ] 106 root - INFO - Best model found on both training and testing dataset
[ 2023-03-28 23:07:38,550 ] 115 root - INFO - Test data has been predicted
